[1.339s] DEBUG:colcon:Command line arguments: ['/usr/bin/colcon', 'build']
[1.343s] DEBUG:colcon:Parsed command line arguments: Namespace(log_base=None, log_level=None, verb_name='build', build_base='build', install_base='install', merge_install=False, symlink_install=False, test_result_base=None, continue_on_error=False, executor='parallel', parallel_workers=8, event_handlers=None, ignore_user_meta=False, metas=['./colcon.meta'], base_paths=['.'], packages_ignore=None, packages_ignore_regex=None, paths=None, packages_up_to=None, packages_up_to_regex=None, packages_above=None, packages_above_and_dependencies=None, packages_above_depth=None, packages_select_by_dep=None, packages_skip_by_dep=None, packages_skip_up_to=None, packages_select_build_failed=False, packages_skip_build_finished=False, packages_select_test_failures=False, packages_skip_test_passed=False, packages_select=None, packages_skip=None, packages_select_regex=None, packages_skip_regex=None, packages_start=None, packages_end=None, allow_overriding=[], cmake_args=None, cmake_target=None, cmake_target_skip_unavailable=False, cmake_clean_cache=False, cmake_clean_first=False, cmake_force_configure=False, ament_cmake_args=None, catkin_cmake_args=None, catkin_skip_building_tests=False, mixin_files=None, mixin=None, verb_parser=<colcon_mixin.mixin.mixin_argument.MixinArgumentDecorator object at 0x7077cf56a800>, verb_extension=<colcon_core.verb.build.BuildVerb object at 0x7077cf56a350>, main=<bound method BuildVerb.main of <colcon_core.verb.build.BuildVerb object at 0x7077cf56a350>>, mixin_verb=('build',))
[3.918s] Level 1:colcon.colcon_core.package_discovery:discover_packages(colcon_meta) check parameters
[3.944s] Level 1:colcon.colcon_core.package_discovery:discover_packages(recursive) check parameters
[3.948s] Level 1:colcon.colcon_core.package_discovery:discover_packages(ignore) check parameters
[3.965s] Level 1:colcon.colcon_core.package_discovery:discover_packages(path) check parameters
[3.974s] Level 1:colcon.colcon_core.package_discovery:discover_packages(colcon_meta) discover
[3.976s] Level 1:colcon.colcon_core.package_discovery:discover_packages(recursive) discover
[3.981s] INFO:colcon.colcon_core.package_discovery:Crawling recursively for packages in '/mnt/c/Users/007kh/OneDrive/Research/ROS_robot'
[4.059s] Level 1:colcon.colcon_core.package_identification:_identify(.) by extensions ['ignore', 'ignore_ament_install']
[4.071s] Level 1:colcon.colcon_core.package_identification:_identify(.) by extension 'ignore'
[4.087s] Level 1:colcon.colcon_core.package_identification:_identify(.) by extension 'ignore_ament_install'
[4.107s] Level 1:colcon.colcon_core.package_identification:_identify(.) by extensions ['colcon_pkg']
[4.113s] Level 1:colcon.colcon_core.package_identification:_identify(.) by extension 'colcon_pkg'
[4.127s] Level 1:colcon.colcon_core.package_identification:_identify(.) by extensions ['colcon_meta']
[4.137s] Level 1:colcon.colcon_core.package_identification:_identify(.) by extension 'colcon_meta'
[4.142s] Level 1:colcon.colcon_core.package_identification:_identify(.) by extensions ['ros']
[4.145s] Level 1:colcon.colcon_core.package_identification:_identify(.) by extension 'ros'
[4.331s] Level 1:colcon.colcon_core.package_identification:_identify(.) by extensions ['cmake', 'python']
[4.348s] Level 1:colcon.colcon_core.package_identification:_identify(.) by extension 'cmake'
[4.366s] Level 1:colcon.colcon_core.package_identification:_identify(.) by extension 'python'
[4.382s] Level 1:colcon.colcon_core.package_identification:_identify(.) by extensions ['python_setup_py']
[4.388s] Level 1:colcon.colcon_core.package_identification:_identify(.) by extension 'python_setup_py'
[4.427s] Level 1:colcon.colcon_core.package_identification:_identify(build) by extensions ['ignore', 'ignore_ament_install']
[4.430s] Level 1:colcon.colcon_core.package_identification:_identify(build) by extension 'ignore'
[4.448s] Level 1:colcon.colcon_core.package_identification:_identify(build) ignored
[4.463s] Level 1:colcon.colcon_core.package_identification:_identify(docs) by extensions ['ignore', 'ignore_ament_install']
[4.473s] Level 1:colcon.colcon_core.package_identification:_identify(docs) by extension 'ignore'
[4.511s] Level 1:colcon.colcon_core.package_identification:_identify(docs) by extension 'ignore_ament_install'
[4.600s] Level 1:colcon.colcon_core.package_identification:_identify(docs) by extensions ['colcon_pkg']
[4.603s] Level 1:colcon.colcon_core.package_identification:_identify(docs) by extension 'colcon_pkg'
[4.618s] Level 1:colcon.colcon_core.package_identification:_identify(docs) by extensions ['colcon_meta']
[4.621s] Level 1:colcon.colcon_core.package_identification:_identify(docs) by extension 'colcon_meta'
[4.635s] Level 1:colcon.colcon_core.package_identification:_identify(docs) by extensions ['ros']
[4.644s] Level 1:colcon.colcon_core.package_identification:_identify(docs) by extension 'ros'
[4.676s] Level 1:colcon.colcon_core.package_identification:_identify(docs) by extensions ['cmake', 'python']
[4.679s] Level 1:colcon.colcon_core.package_identification:_identify(docs) by extension 'cmake'
[4.703s] Level 1:colcon.colcon_core.package_identification:_identify(docs) by extension 'python'
[4.730s] Level 1:colcon.colcon_core.package_identification:_identify(docs) by extensions ['python_setup_py']
[4.733s] Level 1:colcon.colcon_core.package_identification:_identify(docs) by extension 'python_setup_py'
[4.778s] Level 1:colcon.colcon_core.package_identification:_identify(install) by extensions ['ignore', 'ignore_ament_install']
[4.787s] Level 1:colcon.colcon_core.package_identification:_identify(install) by extension 'ignore'
[4.799s] Level 1:colcon.colcon_core.package_identification:_identify(install) ignored
[4.951s] Level 1:colcon.colcon_core.package_identification:_identify(log) by extensions ['ignore', 'ignore_ament_install']
[4.983s] Level 1:colcon.colcon_core.package_identification:_identify(log) by extension 'ignore'
[5.074s] Level 1:colcon.colcon_core.package_identification:_identify(log) ignored
[5.165s] Level 1:colcon.colcon_core.package_identification:_identify(src) by extensions ['ignore', 'ignore_ament_install']
[5.196s] Level 1:colcon.colcon_core.package_identification:_identify(src) by extension 'ignore'
[5.219s] Level 1:colcon.colcon_core.package_identification:_identify(src) by extension 'ignore_ament_install'
[5.255s] Level 1:colcon.colcon_core.package_identification:_identify(src) by extensions ['colcon_pkg']
[5.265s] Level 1:colcon.colcon_core.package_identification:_identify(src) by extension 'colcon_pkg'
[5.286s] Level 1:colcon.colcon_core.package_identification:_identify(src) by extensions ['colcon_meta']
[5.291s] Level 1:colcon.colcon_core.package_identification:_identify(src) by extension 'colcon_meta'
[5.303s] Level 1:colcon.colcon_core.package_identification:_identify(src) by extensions ['ros']
[5.312s] Level 1:colcon.colcon_core.package_identification:_identify(src) by extension 'ros'
[5.335s] Level 1:colcon.colcon_core.package_identification:_identify(src) by extensions ['cmake', 'python']
[5.337s] Level 1:colcon.colcon_core.package_identification:_identify(src) by extension 'cmake'
[5.347s] Level 1:colcon.colcon_core.package_identification:_identify(src) by extension 'python'
[5.358s] Level 1:colcon.colcon_core.package_identification:_identify(src) by extensions ['python_setup_py']
[5.360s] Level 1:colcon.colcon_core.package_identification:_identify(src) by extension 'python_setup_py'
[5.399s] Level 1:colcon.colcon_core.package_identification:_identify(src/mission_robot) by extensions ['ignore', 'ignore_ament_install']
[5.402s] Level 1:colcon.colcon_core.package_identification:_identify(src/mission_robot) by extension 'ignore'
[5.416s] Level 1:colcon.colcon_core.package_identification:_identify(src/mission_robot) by extension 'ignore_ament_install'
[5.442s] Level 1:colcon.colcon_core.package_identification:_identify(src/mission_robot) by extensions ['colcon_pkg']
[5.445s] Level 1:colcon.colcon_core.package_identification:_identify(src/mission_robot) by extension 'colcon_pkg'
[5.456s] Level 1:colcon.colcon_core.package_identification:_identify(src/mission_robot) by extensions ['colcon_meta']
[5.459s] Level 1:colcon.colcon_core.package_identification:_identify(src/mission_robot) by extension 'colcon_meta'
[5.478s] Level 1:colcon.colcon_core.package_identification:_identify(src/mission_robot) by extensions ['ros']
[5.486s] Level 1:colcon.colcon_core.package_identification:_identify(src/mission_robot) by extension 'ros'
[5.523s] Level 1:colcon.colcon_core.package_identification:_identify(src/mission_robot) by extensions ['cmake', 'python']
[5.525s] Level 1:colcon.colcon_core.package_identification:_identify(src/mission_robot) by extension 'cmake'
[5.534s] Level 1:colcon.colcon_core.package_identification:_identify(src/mission_robot) by extension 'python'
[5.541s] Level 1:colcon.colcon_core.package_identification:_identify(src/mission_robot) by extensions ['python_setup_py']
[5.544s] Level 1:colcon.colcon_core.package_identification:_identify(src/mission_robot) by extension 'python_setup_py'
[5.553s] Level 1:colcon.colcon_core.package_discovery:discover_packages(recursive) using defaults
[5.555s] Level 1:colcon.colcon_core.package_discovery:discover_packages(ignore) discover
[5.557s] Level 1:colcon.colcon_core.package_discovery:discover_packages(ignore) using defaults
[5.562s] Level 1:colcon.colcon_core.package_discovery:discover_packages(path) discover
[5.566s] Level 1:colcon.colcon_core.package_discovery:discover_packages(path) using defaults
[5.860s] Level 1:colcon.colcon_core.package_discovery:discover_packages(prefix_path) check parameters
[5.864s] Level 1:colcon.colcon_core.package_discovery:discover_packages(prefix_path) discover
[5.902s] DEBUG:colcon.colcon_installed_package_information.package_discovery:Found 386 installed packages in /opt/ros/humble
[5.947s] Level 1:colcon.colcon_core.package_discovery:discover_packages(prefix_path) using defaults
[6.526s] INFO:colcon.colcon_core.executor:Executing jobs using 'parallel' executor
[6.534s] DEBUG:colcon.colcon_parallel_executor.executor.parallel:run_until_complete
[6.537s] DEBUG:colcon.colcon_parallel_executor.executor.parallel:closing loop
[6.540s] DEBUG:colcon.colcon_parallel_executor.executor.parallel:loop closed
[6.543s] DEBUG:colcon.colcon_parallel_executor.executor.parallel:run_until_complete finished with '0'
[6.545s] DEBUG:colcon.colcon_core.event_reactor:joining thread
[6.756s] INFO:colcon.colcon_core.plugin_system:Skipping extension 'colcon_notification.desktop_notification.notify_send': Could not find 'notify-send'
[6.758s] INFO:colcon.colcon_core.plugin_system:Skipping extension 'colcon_notification.desktop_notification.terminal_notifier': Not used on non-Darwin systems
[6.761s] INFO:colcon.colcon_core.plugin_system:Skipping extension 'colcon_notification.desktop_notification.win32': Not used on non-Windows systems
[6.764s] INFO:colcon.colcon_notification.desktop_notification:Sending desktop notification using 'notify2'
[6.768s] DEBUG:colcon.colcon_notification.desktop_notification.notify2:Failed to initialize notify2: org.freedesktop.DBus.Error.FileNotFound: Failed to connect to socket /run/user/1000/bus: No such file or directory
[6.771s] DEBUG:colcon.colcon_core.event_reactor:joined thread
[6.810s] INFO:colcon.colcon_core.plugin_system:Skipping extension 'colcon_core.shell.bat': Not used on non-Windows systems
[6.813s] INFO:colcon.colcon_core.shell:Creating prefix script '/mnt/c/Users/007kh/OneDrive/Research/ROS_robot/install/local_setup.ps1'
[6.838s] INFO:colcon.colcon_core.shell:Creating prefix util module '/mnt/c/Users/007kh/OneDrive/Research/ROS_robot/install/_local_setup_util_ps1.py'
[6.873s] INFO:colcon.colcon_core.shell:Creating prefix chain script '/mnt/c/Users/007kh/OneDrive/Research/ROS_robot/install/setup.ps1'
[6.899s] INFO:colcon.colcon_core.shell:Creating prefix script '/mnt/c/Users/007kh/OneDrive/Research/ROS_robot/install/local_setup.sh'
[6.922s] INFO:colcon.colcon_core.shell:Creating prefix util module '/mnt/c/Users/007kh/OneDrive/Research/ROS_robot/install/_local_setup_util_sh.py'
[6.945s] INFO:colcon.colcon_core.shell:Creating prefix chain script '/mnt/c/Users/007kh/OneDrive/Research/ROS_robot/install/setup.sh'
[6.971s] INFO:colcon.colcon_core.shell:Creating prefix script '/mnt/c/Users/007kh/OneDrive/Research/ROS_robot/install/local_setup.bash'
[6.999s] INFO:colcon.colcon_core.shell:Creating prefix chain script '/mnt/c/Users/007kh/OneDrive/Research/ROS_robot/install/setup.bash'
[7.027s] INFO:colcon.colcon_core.shell:Creating prefix script '/mnt/c/Users/007kh/OneDrive/Research/ROS_robot/install/local_setup.zsh'
[7.054s] INFO:colcon.colcon_core.shell:Creating prefix chain script '/mnt/c/Users/007kh/OneDrive/Research/ROS_robot/install/setup.zsh'
